Arguments: 
  /home/grid/.nvm/versions/node/v16.0.0/bin/node /usr/local/bin/yarn add @fake-js/faker

PATH: 
  /home/grid/.nvm/versions/node/v16.0.0/bin:/home/grid/.vscode-server/bin/695af097c7bd098fbf017ce3ac85e09bbc5dda06/bin/remote-cli:/usr/local/sbin:/usr/local/bin:/usr/sbin:/usr/bin:/sbin:/bin:/usr/games:/usr/local/games:/usr/lib/wsl/lib:/mnt/c/Program Files (x86)/VMware/VMware Player/bin/:/mnt/c/Program Files (x86)/Common Files/Oracle/Java/javapath:/mnt/c/Windows/system32:/mnt/c/Windows:/mnt/c/Windows/System32/Wbem:/mnt/c/Windows/System32/WindowsPowerShell/v1.0/:/mnt/c/Windows/System32/OpenSSH/:/mnt/c/Program Files/Git/cmd:/Docker/host/bin:/mnt/c/Users/souma/AppData/Local/Microsoft/WindowsApps:/mnt/c/Users/souma/AppData/Local/Programs/Microsoft VS Code/bin:/snap/bin

Yarn version: 
  1.22.19

Node version: 
  16.0.0

Platform: 
  linux x64

Trace: 
  Error: self signed certificate in certificate chain
      at TLSSocket.onConnectSecure (node:_tls_wrap:1536:34)
      at TLSSocket.emit (node:events:365:28)
      at TLSSocket._finishInit (node:_tls_wrap:950:8)
      at TLSWrap.ssl.onhandshakedone (node:_tls_wrap:722:12)

npm manifest: 
  No manifest

yarn manifest: 
  No manifest

Lockfile: 
  No lockfile
